0 info it worked if it ends with ok
1 verbose cli [ '/usr/local/bin/node',
1 verbose cli   '/usr/local/bin/npm',
1 verbose cli   'install',
1 verbose cli   'bodyParser' ]
2 info using npm@1.3.8
3 info using node@v0.8.26
4 warn package.json PopWars@0.0.1 No repository field.
5 verbose readDependencies using package.json deps
6 verbose cache add [ 'bodyParser', null ]
7 verbose cache add name=undefined spec="bodyParser" args=["bodyParser",null]
8 verbose parsed url { pathname: 'bodyParser',
8 verbose parsed url   path: 'bodyParser',
8 verbose parsed url   href: 'bodyParser' }
9 silly lockFile caa4c3c7-bodyParser bodyParser
10 verbose lock bodyParser /Users/reimertz/.npm/caa4c3c7-bodyParser.lock
11 silly lockFile caa4c3c7-bodyParser bodyParser
12 silly lockFile caa4c3c7-bodyParser bodyParser
13 verbose addNamed [ 'bodyParser', '' ]
14 verbose addNamed [ null, '*' ]
15 silly lockFile e0b6bd45-bodyParser bodyParser@
16 verbose lock bodyParser@ /Users/reimertz/.npm/e0b6bd45-bodyParser.lock
17 silly addNameRange { name: 'bodyParser', range: '*', hasData: false }
18 verbose url raw bodyParser
19 verbose url resolving [ 'https://registry.npmjs.org/', './bodyParser' ]
20 verbose url resolved https://registry.npmjs.org/bodyParser
21 info trying registry request attempt 1 at 23:55:03
22 http GET https://registry.npmjs.org/bodyParser
23 http 404 https://registry.npmjs.org/bodyParser
24 silly registry.get cb [ 404,
24 silly registry.get   { server: 'CouchDB/1.5.0 (Erlang OTP/R15B03)',
24 silly registry.get     date: 'Wed, 27 Nov 2013 07:55:07 GMT',
24 silly registry.get     'content-type': 'application/json',
24 silly registry.get     'content-length': '52',
24 silly registry.get     'cache-control': 'must-revalidate' } ]
25 silly lockFile e0b6bd45-bodyParser bodyParser@
26 silly lockFile e0b6bd45-bodyParser bodyParser@
27 error 404 'bodyParser' is not in the npm registry.
27 error 404 You should bug the author to publish it
27 error 404
27 error 404 Note that you can also install from a
27 error 404 tarball, folder, or http url, or git url.
28 error System Darwin 13.0.0
29 error command "/usr/local/bin/node" "/usr/local/bin/npm" "install" "bodyParser"
30 error cwd /Users/reimertz/git/popwars
31 error node -v v0.8.26
32 error npm -v 1.3.8
33 error code E404
34 verbose exit [ 1, true ]
